<?xml version="1.0" encoding="UTF-8"?>
<!-- Generated by org.testng.reporters.JUnitXMLReporter -->
<testsuite ignored="1" hostname="LAPTOP-RBJAAMOL" failures="0" tests="1" name="Default test" time="19.804" errors="0" timestamp="2024-08-05T17:22:24 IST">
  <testcase classname="com.salesforce_TestScripts.Login_Module" name="loginWithVaildCredentials" time="11.889"/>
  <testcase classname="com.salesforce_TestScripts.Login_Module" name="loginWithInvaildCredentials" time="0.0">
    <ignored/>
  </testcase> <!-- loginWithInvaildCredentials -->
</testsuite> <!-- Default test -->
