<?xml version="1.0" encoding="UTF-8"?>
<!-- Generated by org.testng.reporters.JUnitXMLReporter -->
<testsuite ignored="3" hostname="LAPTOP-RBJAAMOL" failures="0" tests="7" name="Test" time="293.809" errors="0" timestamp="2024-08-05T14:59:13 IST">
  <testcase classname="com.salesforce_TestScripts.Login_Module" name="loginWithInvaildCredentials" time="3.223"/>
  <testcase classname="com.salesforce_TestScripts.Login_Module" name="loginWithVaildCredentials" time="87.312"/>
  <testcase classname="com.salesforce_TestScripts.Contact_Module" name="New_Contact_Creation" time="28.594"/>
  <testcase classname="com.salesforce_TestScripts.Contact_Module" name="Verify_The_Validation_Eror_On_Contact" time="26.115"/>
  <testcase classname="com.salesforce_TestScripts.Account_Module" name="New_Account_Creation" time="27.537"/>
  <testcase classname="com.salesforce_TestScripts.Account_Module" name="Verify_The_Validation_Eror_On_Account" time="31.657"/>
  <testcase classname="com.salesforce_TestScripts.Account_Related_Contact_Creation" name="Related_Contact" time="44.432"/>
  <testcase classname="Utility.baseClass" name="@BeforeSuite setup" time="0.0">
    <ignored/>
  </testcase> <!-- @BeforeSuite setup -->
  <testcase classname="Utility.baseClass" name="@BeforeSuite setup" time="0.0">
    <ignored/>
  </testcase> <!-- @BeforeSuite setup -->
  <testcase classname="Utility.baseClass" name="@BeforeSuite setup" time="0.0">
    <ignored/>
  </testcase> <!-- @BeforeSuite setup -->
</testsuite> <!-- Test -->
